Using launch settings from WebApplication_API\Properties\launchSettings.json...
info: Microsoft.EntityFrameworkCore.Migrations[20411]
      Acquiring an exclusive lock for migration application. See https://aka.ms/efcore-docs-migrations-lock for more information if this takes too long.
info: Microsoft.EntityFrameworkCore.Database.Command[20101]
      Executed DbCommand (21ms) [Parameters=[], CommandType='Text', CommandTimeout='30']
      SELECT COUNT(*) FROM "sqlite_master" WHERE "name" = '__EFMigrationsLock' AND "type" = 'table';
info: Microsoft.EntityFrameworkCore.Database.Command[20101]
      Executed DbCommand (14ms) [Parameters=[], CommandType='Text', CommandTimeout='30']
      INSERT OR IGNORE INTO "__EFMigrationsLock"("Id", "Timestamp") VALUES(1, '2026-03-26 03:02:25.3776206+00:00');
      SELECT changes();
info: Microsoft.EntityFrameworkCore.Database.Command[20101]
      Executed DbCommand (1ms) [Parameters=[], CommandType='Text', CommandTimeout='30']
      CREATE TABLE IF NOT EXISTS "__EFMigrationsHistory" (
          "MigrationId" TEXT NOT NULL CONSTRAINT "PK___EFMigrationsHistory" PRIMARY KEY,
          "ProductVersion" TEXT NOT NULL
      );
info: Microsoft.EntityFrameworkCore.Database.Command[20101]
      Executed DbCommand (0ms) [Parameters=[], CommandType='Text', CommandTimeout='30']
      SELECT COUNT(*) FROM "sqlite_master" WHERE "name" = '__EFMigrationsHistory' AND "type" = 'table';
info: Microsoft.EntityFrameworkCore.Database.Command[20101]
      Executed DbCommand (1ms) [Parameters=[], CommandType='Text', CommandTimeout='30']
      SELECT "MigrationId", "ProductVersion"
      FROM "__EFMigrationsHistory"
      ORDER BY "MigrationId";
info: Microsoft.EntityFrameworkCore.Migrations[20405]
      No migrations were applied. The database is already up to date.
info: Microsoft.EntityFrameworkCore.Database.Command[20101]
      Executed DbCommand (4ms) [Parameters=[], CommandType='Text', CommandTimeout='30']
      DELETE FROM "__EFMigrationsLock";
info: Microsoft.EntityFrameworkCore.Database.Command[20101]
      Executed DbCommand (4ms) [Parameters=[], CommandType='Text', CommandTimeout='30']
      SELECT EXISTS (
          SELECT 1
          FROM "Categories" AS "c")
info: Microsoft.EntityFrameworkCore.Database.Command[20101]
      Executed DbCommand (10ms) [Parameters=[@p0='?' (DbType = DateTime), @p1='?' (Size = 42), @p2='?' (Size = 15), @p3='?' (DbType = Int32), @p4='?' (DbType = DateTime)], CommandType='Text', CommandTimeout='30']
      INSERT INTO "Categories" ("CreatedAt", "Description", "Name", "Status", "UpdatedAt")
      VALUES (@p0, @p1, @p2, @p3, @p4)
      RETURNING "CategoryId";
info: Microsoft.EntityFrameworkCore.Database.Command[20101]
      Executed DbCommand (0ms) [Parameters=[@p0='?' (DbType = DateTime), @p1='?' (Size = 42), @p2='?' (Size = 4), @p3='?' (DbType = Int32), @p4='?' (DbType = DateTime)], CommandType='Text', CommandTimeout='30']
      INSERT INTO "Categories" ("CreatedAt", "Description", "Name", "Status", "UpdatedAt")
      VALUES (@p0, @p1, @p2, @p3, @p4)
      RETURNING "CategoryId";
info: Microsoft.EntityFrameworkCore.Database.Command[20101]
      Executed DbCommand (0ms) [Parameters=[@p0='?' (DbType = DateTime), @p1='?' (Size = 51), @p2='?' (Size = 8), @p3='?' (DbType = Int32), @p4='?' (DbType = DateTime)], CommandType='Text', CommandTimeout='30']
      INSERT INTO "Categories" ("CreatedAt", "Description", "Name", "Status", "UpdatedAt")
      VALUES (@p0, @p1, @p2, @p3, @p4)
      RETURNING "CategoryId";
info: Microsoft.EntityFrameworkCore.Database.Command[20101]
      Executed DbCommand (0ms) [Parameters=[@p0='?' (DbType = DateTime), @p1='?' (Size = 47), @p2='?' (Size = 8), @p3='?' (DbType = Int32), @p4='?' (DbType = DateTime)], CommandType='Text', CommandTimeout='30']
      INSERT INTO "Categories" ("CreatedAt", "Description", "Name", "Status", "UpdatedAt")
      VALUES (@p0, @p1, @p2, @p3, @p4)
      RETURNING "CategoryId";
info: Microsoft.EntityFrameworkCore.Database.Command[20101]
      Executed DbCommand (0ms) [Parameters=[], CommandType='Text', CommandTimeout='30']
      SELECT EXISTS (
          SELECT 1
          FROM "DashboardUsers" AS "d")
info: Microsoft.EntityFrameworkCore.Database.Command[20101]
      Executed DbCommand (0ms) [Parameters=[@p0='?' (DbType = DateTime), @p1='?' (Size = 21), @p2='?' (Size = 12), @p3='?' (Size = 84), @p4='?' (Size = 10), @p5='?' (Size = 5), @p6='?' (DbType = Int32), @p7='?' (DbType = DateTime), @p8='?' (Size = 5)], CommandType='Text', CommandTimeout='30']
      INSERT INTO "DashboardUsers" ("CreatedAt", "Email", "FullName", "PasswordHash", "Phone", "Role", "Status", "UpdatedAt", "Username")
      VALUES (@p0, @p1, @p2, @p3, @p4, @p5, @p6, @p7, @p8)
      RETURNING "UserId";
info: Microsoft.EntityFrameworkCore.Database.Command[20101]
      Executed DbCommand (0ms) [Parameters=[@p0='?' (DbType = DateTime), @p1='?' (Size = 22), @p2='?' (Size = 14), @p3='?' (Size = 84), @p4='?' (Size = 10), @p5='?' (Size = 6), @p6='?' (DbType = Int32), @p7='?' (DbType = DateTime), @p8='?' (Size = 6)], CommandType='Text', CommandTimeout='30']
      INSERT INTO "DashboardUsers" ("CreatedAt", "Email", "FullName", "PasswordHash", "Phone", "Role", "Status", "UpdatedAt", "Username")
      VALUES (@p0, @p1, @p2, @p3, @p4, @p5, @p6, @p7, @p8)
      RETURNING "UserId";
info: Microsoft.EntityFrameworkCore.Database.Command[20101]
      Executed DbCommand (0ms) [Parameters=[@p0='?' (DbType = DateTime), @p1='?' (Size = 23), @p2='?' (Size = 12), @p3='?' (Size = 84), @p4='?' (Size = 10), @p5='?' (Size = 11), @p6='?' (DbType = Int32), @p7='?' (DbType = DateTime), @p8='?' (Size = 7)], CommandType='Text', CommandTimeout='30']
      INSERT INTO "DashboardUsers" ("CreatedAt", "Email", "FullName", "PasswordHash", "Phone", "Role", "Status", "UpdatedAt", "Username")
      VALUES (@p0, @p1, @p2, @p3, @p4, @p5, @p6, @p7, @p8)
      RETURNING "UserId";
info: Microsoft.EntityFrameworkCore.Database.Command[20101]
      Executed DbCommand (0ms) [Parameters=[@p0='?' (DbType = DateTime), @p1='?' (Size = 25), @p2='?' (Size = 18), @p3='?' (Size = 84), @p4='?' (Size = 10), @p5='?' (Size = 9), @p6='?' (DbType = Int32), @p7='?' (DbType = DateTime), @p8='?' (Size = 9)], CommandType='Text', CommandTimeout='30']
      INSERT INTO "DashboardUsers" ("CreatedAt", "Email", "FullName", "PasswordHash", "Phone", "Role", "Status", "UpdatedAt", "Username")
      VALUES (@p0, @p1, @p2, @p3, @p4, @p5, @p6, @p7, @p8)
      RETURNING "UserId";
info: Microsoft.EntityFrameworkCore.Database.Command[20101]
      Executed DbCommand (0ms) [Parameters=[@p0='?' (DbType = DateTime), @p1='?' (Size = 21), @p2='?' (Size = 9), @p3='?' (Size = 84), @p4='?' (Size = 10), @p5='?' (Size = 4), @p6='?' (DbType = Int32), @p7='?' (DbType = DateTime), @p8='?' (Size = 5)], CommandType='Text', CommandTimeout='30']
      INSERT INTO "DashboardUsers" ("CreatedAt", "Email", "FullName", "PasswordHash", "Phone", "Role", "Status", "UpdatedAt", "Username")
      VALUES (@p0, @p1, @p2, @p3, @p4, @p5, @p6, @p7, @p8)
      RETURNING "UserId";
info: Microsoft.EntityFrameworkCore.Database.Command[20101]
      Executed DbCommand (0ms) [Parameters=[], CommandType='Text', CommandTimeout='30']
      SELECT EXISTS (
          SELECT 1
          FROM "Locations" AS "l")
info: Microsoft.EntityFrameworkCore.Database.Command[20101]
      Executed DbCommand (0ms) [Parameters=[], CommandType='Text', CommandTimeout='30']
      SELECT "c"."CategoryId", "c"."CreatedAt", "c"."Description", "c"."Name", "c"."Status", "c"."UpdatedAt"
      FROM "Categories" AS "c"
info: Microsoft.EntityFrameworkCore.Database.Command[20101]
      Executed DbCommand (0ms) [Parameters=[], CommandType='Text', CommandTimeout='30']
      SELECT "d"."UserId", "d"."CreatedAt", "d"."Email", "d"."FullName", "d"."PasswordHash", "d"."Phone", "d"."Role", "d"."Status", "d"."UpdatedAt", "d"."Username"
      FROM "DashboardUsers" AS "d"
      WHERE "d"."Username" = 'owner'
      LIMIT 1
info: Microsoft.EntityFrameworkCore.Database.Command[20101]
      Executed DbCommand (3ms) [Parameters=[@p0='?' (Size = 27), @p1='?' (DbType = Int32), @p2='?' (Size = 16), @p3='?' (DbType = DateTime), @p4='?' (DbType = Int32), @p5='?' (Size = 71), @p6='?' (Size = 21), @p7='?' (DbType = Int32), @p8='?', @p9='?' (DbType = Double), @p10='?' (DbType = Double), @p11='?' (Size = 12), @p12='?' (DbType = Int32), @p13='?' (Size = 10), @p14='?' (DbType = Int32), @p15='?' (DbType = Double), @p16='?' (DbType = Double), @p17='?' (DbType = Int32), @p18='?' (DbType = DateTime), @p19='?' (Size = 7), @p20='?' (Size = 32)], CommandType='Text', CommandTimeout='30']
      INSERT INTO "Locations" ("Address", "CategoryId", "City", "CreatedAt", "DebounceSeconds", "Description", "Email", "EstablishedYear", "ImageUrl", "Latitude", "Longitude", "Name", "OwnerId", "PhoneContact", "Priority", "Radius", "StandbyRadius", "Status", "UpdatedAt", "Ward", "WebURL")
      VALUES (@p0, @p1, @p2, @p3, @p4, @p5, @p6, @p7, @p8, @p9, @p10, @p11, @p12, @p13, @p14, @p15, @p16, @p17, @p18, @p19, @p20)
      RETURNING "LocationId", "IsGpsTriggerEnabled";
info: Microsoft.EntityFrameworkCore.Database.Command[20101]
      Executed DbCommand (0ms) [Parameters=[@p0='?' (Size = 13), @p1='?' (DbType = Int32), @p2='?' (Size = 16), @p3='?' (DbType = DateTime), @p4='?' (DbType = Int32), @p5='?' (Size = 67), @p6='?', @p7='?' (DbType = Int32), @p8='?', @p9='?' (DbType = Double), @p10='?' (DbType = Double), @p11='?' (Size = 18), @p12='?' (DbType = Int32), @p13='?', @p14='?' (DbType = Int32), @p15='?' (DbType = Double), @p16='?' (DbType = Double), @p17='?' (DbType = Int32), @p18='?' (DbType = DateTime), @p19='?' (Size = 9), @p20='?'], CommandType='Text', CommandTimeout='30']
      INSERT INTO "Locations" ("Address", "CategoryId", "City", "CreatedAt", "DebounceSeconds", "Description", "Email", "EstablishedYear", "ImageUrl", "Latitude", "Longitude", "Name", "OwnerId", "PhoneContact", "Priority", "Radius", "StandbyRadius", "Status", "UpdatedAt", "Ward", "WebURL")
      VALUES (@p0, @p1, @p2, @p3, @p4, @p5, @p6, @p7, @p8, @p9, @p10, @p11, @p12, @p13, @p14, @p15, @p16, @p17, @p18, @p19, @p20)
      RETURNING "LocationId", "IsGpsTriggerEnabled";
info: Microsoft.EntityFrameworkCore.Database.Command[20101]
      Executed DbCommand (0ms) [Parameters=[], CommandType='Text', CommandTimeout='30']
      SELECT EXISTS (
          SELECT 1
          FROM "AudioContents" AS "a")
info: Microsoft.EntityFrameworkCore.Database.Command[20101]
      Executed DbCommand (0ms) [Parameters=[], CommandType='Text', CommandTimeout='30']
      SELECT "l"."LocationId", "l"."Address", "l"."CategoryId", "l"."City", "l"."CreatedAt", "l"."DebounceSeconds", "l"."Description", "l"."Email", "l"."EstablishedYear", "l"."ImageUrl", "l"."IsGpsTriggerEnabled", "l"."Latitude", "l"."Longitude", "l"."Name", "l"."OwnerId", "l"."PhoneContact", "l"."Priority", "l"."Radius", "l"."StandbyRadius", "l"."Status", "l"."UpdatedAt", "l"."Ward", "l"."WebURL"
      FROM "Locations" AS "l"
      ORDER BY "l"."LocationId"
      LIMIT 1
info: Microsoft.EntityFrameworkCore.Database.Command[20101]
      Executed DbCommand (0ms) [Parameters=[@p0='?' (DbType = DateTime), @p1='?' (Size = 56), @p2='?' (DbType = Int32), @p3='?' (Size = 79), @p4='?' (DbType = Int32), @p5='?' (Size = 17), @p6='?' (Size = 5), @p7='?' (DbType = Int32), @p8='?' (Size = 4), @p9='?' (DbType = Int32), @p10='?' (Size = 94), @p11='?' (Size = 6), @p12='?' (DbType = Int32), @p13='?' (Size = 25), @p14='?' (DbType = DateTime), @p15='?' (Size = 6), @p16='?' (Size = 11)], CommandType='Text', CommandTimeout='30']
      INSERT INTO "AudioContents" ("CreatedAt", "Description", "DurationSeconds", "FilePath", "FileSizeBytes", "InterruptPolicy", "LanguageCode", "LocationId", "PlaybackMode", "Priority", "Script", "SourceType", "Status", "Title", "UpdatedAt", "VoiceGender", "VoiceName")
      VALUES (@p0, @p1, @p2, @p3, @p4, @p5, @p6, @p7, @p8, @p9, @p10, @p11, @p12, @p13, @p14, @p15, @p16)
      RETURNING "AudioId", "IsDownloadable";
info: Microsoft.EntityFrameworkCore.Database.Command[20101]
      Executed DbCommand (0ms) [Parameters=[], CommandType='Text', CommandTimeout='30']
      SELECT EXISTS (
          SELECT 1
          FROM "PlaybackEvents" AS "p")
info: Microsoft.EntityFrameworkCore.Database.Command[20101]
      Executed DbCommand (0ms) [Parameters=[], CommandType='Text', CommandTimeout='30']
      SELECT "l"."LocationId", "l"."Address", "l"."CategoryId", "l"."City", "l"."CreatedAt", "l"."DebounceSeconds", "l"."Description", "l"."Email", "l"."EstablishedYear", "l"."ImageUrl", "l"."IsGpsTriggerEnabled", "l"."Latitude", "l"."Longitude", "l"."Name", "l"."OwnerId", "l"."PhoneContact", "l"."Priority", "l"."Radius", "l"."StandbyRadius", "l"."Status", "l"."UpdatedAt", "l"."Ward", "l"."WebURL"
      FROM "Locations" AS "l"
      ORDER BY "l"."LocationId"
      LIMIT 1
info: Microsoft.EntityFrameworkCore.Database.Command[20101]
      Executed DbCommand (0ms) [Parameters=[], CommandType='Text', CommandTimeout='30']
      SELECT "a"."AudioId", "a"."CreatedAt", "a"."Description", "a"."DurationSeconds", "a"."FilePath", "a"."FileSizeBytes", "a"."InterruptPolicy", "a"."IsDownloadable", "a"."LanguageCode", "a"."LocationId", "a"."PlaybackMode", "a"."Priority", "a"."Script", "a"."SourceType", "a"."Status", "a"."Title", "a"."UpdatedAt", "a"."VoiceGender", "a"."VoiceName"
      FROM "AudioContents" AS "a"
      ORDER BY "a"."AudioId"
      LIMIT 1
info: Microsoft.EntityFrameworkCore.Database.Command[20101]
      Executed DbCommand (0ms) [Parameters=[@p0='?' (DbType = Int32), @p1='?' (DbType = Int32), @p2='?' (Size = 15), @p3='?' (DbType = DateTime), @p4='?' (Size = 7), @p5='?' (DbType = Int32), @p6='?' (DbType = Int32), @p7='?' (Size = 4), @p8='?' (DbType = Int32), @p9='?' (Size = 15), @p10='?' (Size = 13)], CommandType='Text', CommandTimeout='30']
      INSERT INTO "PlaybackEvents" ("AudioId", "BatteryPercent", "DeviceId", "EventAt", "EventType", "ListeningSeconds", "LocationId", "NetworkType", "QueuePosition", "SessionId", "TriggerSource")
      VALUES (@p0, @p1, @p2, @p3, @p4, @p5, @p6, @p7, @p8, @p9, @p10)
      RETURNING "PlaybackEventId";
info: Microsoft.EntityFrameworkCore.Database.Command[20101]
      Executed DbCommand (0ms) [Parameters=[@p0='?' (DbType = Int32), @p1='?' (DbType = Int32), @p2='?' (Size = 15), @p3='?' (DbType = DateTime), @p4='?' (Size = 9), @p5='?' (DbType = Int32), @p6='?' (DbType = Int32), @p7='?' (Size = 4), @p8='?' (DbType = Int32), @p9='?' (Size = 15), @p10='?' (Size = 13)], CommandType='Text', CommandTimeout='30']
      INSERT INTO "PlaybackEvents" ("AudioId", "BatteryPercent", "DeviceId", "EventAt", "EventType", "ListeningSeconds", "LocationId", "NetworkType", "QueuePosition", "SessionId", "TriggerSource")
      VALUES (@p0, @p1, @p2, @p3, @p4, @p5, @p6, @p7, @p8, @p9, @p10)
      RETURNING "PlaybackEventId";
info: Microsoft.EntityFrameworkCore.Database.Command[20101]
      Executed DbCommand (0ms) [Parameters=[], CommandType='Text', CommandTimeout='30']
      SELECT EXISTS (
          SELECT 1
          FROM "LocationTrackingEvents" AS "l")
info: Microsoft.EntityFrameworkCore.Database.Command[20101]
      Executed DbCommand (0ms) [Parameters=[@p0='?' (DbType = Double), @p1='?' (DbType = Int32), @p2='?' (DbType = DateTime), @p3='?' (Size = 15), @p4='?' (DbType = Boolean), @p5='?' (DbType = Double), @p6='?' (DbType = Double), @p7='?' (Size = 15), @p8='?' (DbType = Double)], CommandType='Text', CommandTimeout='30']
      INSERT INTO "LocationTrackingEvents" ("AccuracyMeters", "BatteryPercent", "CapturedAt", "DeviceId", "IsForeground", "Latitude", "Longitude", "SessionId", "SpeedMetersPerSecond")
      VALUES (@p0, @p1, @p2, @p3, @p4, @p5, @p6, @p7, @p8)
      RETURNING "TrackingEventId";
info: Microsoft.EntityFrameworkCore.Database.Command[20101]
      Executed DbCommand (0ms) [Parameters=[@p0='?' (DbType = Double), @p1='?' (DbType = Int32), @p2='?' (DbType = DateTime), @p3='?' (Size = 15), @p4='?' (DbType = Boolean), @p5='?' (DbType = Double), @p6='?' (DbType = Double), @p7='?' (Size = 15), @p8='?' (DbType = Double)], CommandType='Text', CommandTimeout='30']
      INSERT INTO "LocationTrackingEvents" ("AccuracyMeters", "BatteryPercent", "CapturedAt", "DeviceId", "IsForeground", "Latitude", "Longitude", "SessionId", "SpeedMetersPerSecond")
      VALUES (@p0, @p1, @p2, @p3, @p4, @p5, @p6, @p7, @p8)
      RETURNING "TrackingEventId";
info: Microsoft.Hosting.Lifetime[14]
      Now listening on: http://localhost:5123
info: Microsoft.Hosting.Lifetime[0]
      Application started. Press Ctrl+C to shut down.
info: Microsoft.Hosting.Lifetime[0]
      Hosting environment: Development
info: Microsoft.Hosting.Lifetime[0]
      Content root path: D:\Projects\Smart-Tourism-MAUI\WebApplication_API
